Determining if the pthread_create exist failed with the following output:
Change Dir: /home/pi/catkin_ws/src/ball_track/build/CMakeFiles/CMakeTmp

Run Build Command:"/usr/bin/make" "cmTC_3eee6/fast"
/usr/bin/make -f CMakeFiles/cmTC_3eee6.dir/build.make CMakeFiles/cmTC_3eee6.dir/build
make[1]: Entering directory '/home/pi/catkin_ws/src/ball_track/build/CMakeFiles/CMakeTmp'
Building C object CMakeFiles/cmTC_3eee6.dir/CheckSymbolExists.c.o
/usr/bin/cc     -o CMakeFiles/cmTC_3eee6.dir/CheckSymbolExists.c.o   -c /home/pi/catkin_ws/src/ball_track/build/CMakeFiles/CMakeTmp/CheckSymbolExists.c
Linking C executable cmTC_3eee6
/usr/bin/cmake -E cmake_link_script CMakeFiles/cmTC_3eee6.dir/link.txt --verbose=1
/usr/bin/cc       CMakeFiles/cmTC_3eee6.dir/CheckSymbolExists.c.o  -o cmTC_3eee6 -rdynamic 
CMakeFiles/cmTC_3eee6.dir/CheckSymbolExists.c.o: In function `main':
CheckSymbolExists.c:(.text+0x38): undefined reference to `pthread_create'
collect2: error: ld returned 1 exit status
CMakeFiles/cmTC_3eee6.dir/build.make:97: recipe for target 'cmTC_3eee6' failed
make[1]: *** [cmTC_3eee6] Error 1
make[1]: Leaving directory '/home/pi/catkin_ws/src/ball_track/build/CMakeFiles/CMakeTmp'
Makefile:126: recipe for target 'cmTC_3eee6/fast' failed
make: *** [cmTC_3eee6/fast] Error 2

File /home/pi/catkin_ws/src/ball_track/build/CMakeFiles/CMakeTmp/CheckSymbolExists.c:
/* */
#include <pthread.h>

int main(int argc, char** argv)
{
  (void)argv;
#ifndef pthread_create
  return ((int*)(&pthread_create))[argc];
#else
  (void)argc;
  return 0;
#endif
}

Determining if the function pthread_create exists in the pthreads failed with the following output:
Change Dir: /home/pi/catkin_ws/src/ball_track/build/CMakeFiles/CMakeTmp

Run Build Command:"/usr/bin/make" "cmTC_88a6f/fast"
/usr/bin/make -f CMakeFiles/cmTC_88a6f.dir/build.make CMakeFiles/cmTC_88a6f.dir/build
make[1]: Entering directory '/home/pi/catkin_ws/src/ball_track/build/CMakeFiles/CMakeTmp'
Building C object CMakeFiles/cmTC_88a6f.dir/CheckFunctionExists.c.o
/usr/bin/cc    -DCHECK_FUNCTION_EXISTS=pthread_create   -o CMakeFiles/cmTC_88a6f.dir/CheckFunctionExists.c.o   -c /usr/share/cmake-3.6/Modules/CheckFunctionExists.c
Linking C executable cmTC_88a6f
/usr/bin/cmake -E cmake_link_script CMakeFiles/cmTC_88a6f.dir/link.txt --verbose=1
/usr/bin/cc   -DCHECK_FUNCTION_EXISTS=pthread_create    CMakeFiles/cmTC_88a6f.dir/CheckFunctionExists.c.o  -o cmTC_88a6f -rdynamic -lpthreads 
/usr/bin/ld: cannot find -lpthreads
collect2: error: ld returned 1 exit status
CMakeFiles/cmTC_88a6f.dir/build.make:97: recipe for target 'cmTC_88a6f' failed
make[1]: *** [cmTC_88a6f] Error 1
make[1]: Leaving directory '/home/pi/catkin_ws/src/ball_track/build/CMakeFiles/CMakeTmp'
Makefile:126: recipe for target 'cmTC_88a6f/fast' failed
make: *** [cmTC_88a6f/fast] Error 2


